This is pdfTeX, Version 3.14159265-2.6-1.40.15 (TeX Live 2014) (preloaded format=pdflatex 2014.8.11)  31 OCT 2014 17:00
entering extended mode
 restricted \write18 enabled.
 %&-line parsing enabled.
**cubfits-guide.Rnw
(./cubfits-guide.Rnw
LaTeX2e <2014/05/01>
Babel <3.9k> and hyphenation patterns for 79 languages loaded.

! LaTeX Error: File `jss.cls' not found.

Type X to quit or <RETURN> to proceed,
or enter new name. (Default extension: cls)

Enter file name: 
! Interruption.
<to be read again> 
                   }
l.4 ^^M
       
? 
! Undefined control sequence.
l.42 \Plainauthor
                 {Chen, W.-C., Zaretzki, R., Howell, W., Schmidt, D., Gilchr...

? X
 
Here is how much of TeX's memory you used:
 14 strings out of 493108
 210 string characters out of 6137103
 52957 words of memory out of 5000000
 3575 multiletter control sequences out of 15000+600000
 3640 words of font info for 14 fonts, out of 8000000 for 9000
 1141 hyphenation exceptions out of 8191
 10i,0n,7p,122b,8s stack positions out of 5000i,500n,10000p,200000b,80000s
No pages of output.
PDF statistics:
 0 PDF objects out of 1000 (max. 8388607)
 0 named destinations out of 1000 (max. 500000)
 1 words of extra memory for PDF output out of 10000 (max. 10000000)

